-------------------------------------------------------------------------------
Test set: org.uide.simulacionhistorial.GestorHistorialTest
-------------------------------------------------------------------------------
Tests run: 1, Failures: 1, Errors: 0, Skipped: 0, Time elapsed: 0.066 s <<< FAILURE! - in org.uide.simulacionhistorial.GestorHistorialTest
testVisitarWeb  Time elapsed: 0.043 s  <<< FAILURE!
org.opentest4j.AssertionFailedError: The test case is a prototype.
	at org.uide.simulacionhistorial.GestorHistorialTest.testVisitarWeb(GestorHistorialTest.java:79)

